<?xml version="1.0" encoding="UTF-8"?>
<testsuite name="com.moodanalyser.MoodAnalyserTest" tests="2" skipped="0" failures="0" errors="0" timestamp="2022-03-13T19:14:29" hostname="DESKTOP-617Q1NQ" time="0.12">
  <properties/>
  <testcase name="given_SadMood_Should_Return_SAD()" classname="com.moodanalyser.MoodAnalyserTest" time="0.11"/>
  <testcase name="given_AnyMood_Should_Return_HAPPY()" classname="com.moodanalyser.MoodAnalyserTest" time="0.002"/>
  <system-out><![CDATA[]]></system-out>
  <system-err><![CDATA[]]></system-err>
</testsuite>
