<?xml version="1.0" encoding="UTF-8"?>
<testsuite name="com.moodanalyser.MoodAnalyserTest" tests="3" skipped="0" failures="0" errors="0" timestamp="2022-03-13T20:05:00" hostname="DESKTOP-617Q1NQ" time="0.144">
  <properties/>
  <testcase name="given_SadMood_Should_Return_SAD()" classname="com.moodanalyser.MoodAnalyserTest" time="0.113"/>
  <testcase name="given_NULLMood_Should_Return_HAPPY()" classname="com.moodanalyser.MoodAnalyserTest" time="0.009"/>
  <testcase name="given_AnyMood_Should_Return_HAPPY()" classname="com.moodanalyser.MoodAnalyserTest" time="0.007"/>
  <system-out><![CDATA[]]></system-out>
  <system-err><![CDATA[]]></system-err>
</testsuite>
