<?xml version="1.0" encoding="UTF-8"?>
<testsuite name="com.moodanalyser.MoodAnalyserTest" tests="1" skipped="0" failures="0" errors="0" timestamp="2022-03-13T18:33:52" hostname="DESKTOP-617Q1NQ" time="2.026">
  <properties/>
  <testcase name="given_AnyMood_Should_Return_HAPPY()" classname="com.moodanalyser.MoodAnalyserTest" time="2.026"/>
  <system-out><![CDATA[]]></system-out>
  <system-err><![CDATA[]]></system-err>
</testsuite>
